Log file open, 05/01/14 22:27:41
LogInit:Display: Running engine for game: TheLab
LogInit: Version: 4.1.0-2053896+++depot+UE4-Releases+4.1
LogInit: Compiled (64-bit): Apr 22 2014 19:53:05
LogInit: Build Configuration: Development
LogInit: Branch Name: ++depot+UE4-Releases+4.1
LogInit: Command line:  
LogInit: Base directory: C:/Program Files/Unreal Engine/4.1/Engine/Binaries/Win64/
LogInit: Rocket: 1
[2014.05.01-21.27.41:277][  0]LogTaskGraph: Started task graph with 3 named threads and 4 total threads.
[2014.05.01-21.27.41:318][  0]LogOnline:Warning: No default platform service specified for OnlineSubsystem
[2014.05.01-21.27.41:368][  0]LogInit: Presizing for 0 objects not considered by GC, pre-allocating 0 bytes.
[2014.05.01-21.27.41:377][  0]LogInit: Object subsystem initialized
[2014.05.01-21.27.41:379][  0]LogInit: Selected Device Profile: [Windows]
[2014.05.01-21.27.41:379][  0]LogInit: Applying CVar settings loaded from the selected device profile: [Windows]
[2014.05.01-21.27.41:386][  0]LogInit: Computer: DARRELL-PC
[2014.05.01-21.27.41:387][  0]LogInit: User: Darrell
[2014.05.01-21.27.41:388][  0]LogInit: CPU Page size=4096, Cores=2
[2014.05.01-21.27.41:388][  0]LogInit: High frequency timer resolution =3.117412 MHz
[2014.05.01-21.27.41:388][  0]LogMemory: Memory total: Physical=5.9GB (6GB approx) Virtual=8192.0GB
[2014.05.01-21.27.41:388][  0]LogMemory: Platform Memory Stats for Windows
[2014.05.01-21.27.41:388][  0]LogMemory: Process Physical Memory: 68.14 MB used, 68.14 MB peak
[2014.05.01-21.27.41:388][  0]LogMemory: Process Virtual Memory: 48.34 MB used, 48.34 MB peak
[2014.05.01-21.27.41:388][  0]LogMemory: Physical Memory: 5249.63 MB used, 6071.08 MB total
[2014.05.01-21.27.41:388][  0]LogMemory: Virtual Memory: 255.52 MB used, 8388608.00 MB total
[2014.05.01-21.27.41:515][  0]LogD3D11RHI: Found D3D11 adapter 0: AMD Radeon HD 6900 Series (Feature Level 11_0)
[2014.05.01-21.27.41:515][  0]LogD3D11RHI: Adapter has 2037MB of dedicated video memory, 0MB of dedicated system memory, and 2779MB of shared system memory
[2014.05.01-21.27.41:515][  0]LogD3D11RHI: Chosen D3D11 Adapter Id = 0
[2014.05.01-21.27.41:523][  0]LogRHI: Texture pool is 1361 MB (70% of 1945 MB)
[2014.05.01-21.27.41:530][  0]LogD3D11RHI: Async texture creation disabled: no driver support
[2014.05.01-21.27.41:752][  0]LogInit:Warning: We appear to have no tool tip localization data? Editor can't run.
[2014.05.01-21.27.41:752][  0]LogInit:Warning: We appear to have no property name localization data? Editor can't run.
[2014.05.01-21.27.41:777][  0]LogTextLocalizationManager:Warning: Loading localization resources contain conflicting entries for (Namespace:UICommands, Key:ToggleRealtime_ToolTip):
Resource: (C:/Program Files/Unreal Engine/4.1/Engine/Content/Localization/Editor/en/Editor.locres) Hash: (-291638278) String: (Toggle Realtime)
Resource: (C:/Program Files/Unreal Engine/4.1/Engine/Content/Localization/Editor/en/Editor.locres) Hash: (-1913389001) String: (Toggles real time rendering in this viewport)
[2014.05.01-21.27.41:802][  0]LogContentStreaming: Texture pool size is 0.000000MB
[2014.05.01-21.27.41:865][  0]LogInit: WinSock: version 1.1 (2.2), MaxSocks=32767, MaxUdp=65467
[2014.05.01-21.27.43:078][  0]LogTargetPlatformManager:Display: Building Assets For Windows
[2014.05.01-21.27.43:342][  0]LogTargetPlatformManager:Display: Building Assets For Windows
[2014.05.01-21.27.43:407][  0]LogDerivedDataCache:Display: Max Cache Size: 512 MB
[2014.05.01-21.27.43:587][  0]LogDerivedDataCache: Loaded boot cache 0.18s 38MB C:/Users/Darrell/AppData/Local/UnrealEngine/4.1/DerivedDataCache/Boot.ddc.
[2014.05.01-21.27.43:587][  0]LogDerivedDataCache:Display: Loaded Boot cache: C:/Users/Darrell/AppData/Local/UnrealEngine/4.1/DerivedDataCache/Boot.ddc
[2014.05.01-21.27.43:587][  0]LogDerivedDataCache: FDerivedDataBackendGraph:  Pak pak cache file D:/Documents/GitHub/LabMkII/TheLab/DerivedDataCache/DDC.ddp not found, will not use a pak cache.
[2014.05.01-21.27.43:587][  0]LogDerivedDataCache: Unable to find inner node Pak for hierarchical cache Hierarchy.
[2014.05.01-21.27.43:598][  0]LogDerivedDataCache:Display: Pak cache opened for reading ../../../Engine/DerivedDataCache/DDC.ddp.
[2014.05.01-21.27.43:610][  0]LogDerivedDataCache: Using Local data cache path C:/Users/Darrell/AppData/Local/UnrealEngine/4.1/DerivedDataCache: Writable
[2014.05.01-21.27.44:034][  0]LogMeshUtilities: No automatic mesh reduction module available
[2014.05.01-21.27.44:034][  0]LogMeshUtilities: No automatic mesh merging module available
[2014.05.01-21.27.44:354][  0]LogEnum:Warning: Enum Text 1 for Enum ECustomDepth failed to resolve to any value
[2014.05.01-21.27.44:354][  0]LogEnum:Warning: Enum Text 3 for Enum EEarlyZPass failed to resolve to any value
[2014.05.01-21.27.44:354][  0]LogEnum:Warning: Enum Text 1 for Enum EClearSceneOptions failed to resolve to any value
[2014.05.01-21.27.44:354][  0]LogEnum:Warning: Enum Text 4 for Enum ECompositingSampleCount failed to resolve to any value
[2014.05.01-21.27.45:992][  0]UdpMessaging: Initializing bridge on interface 0.0.0.0:0 to multicast group 230.0.0.1:6666.
[2014.05.01-21.27.46:149][  0]SourceControl: Info Source control is disabled
[2014.05.01-21.27.46:149][  0]SourceControl: Info Source control is disabled
[2014.05.01-21.27.46:160][  0]SourceControl: Info Source control is disabled
[2014.05.01-21.27.46:398][  0]BlueprintLog: New page: Editor Load
[2014.05.01-21.27.46:585][  0]LogObj: 18584 objects as part of root set at end of initial load.
[2014.05.01-21.27.46:585][  0]LogUObjectAllocator: 3701744 out of 0 bytes used by permanent object pool.
[2014.05.01-21.27.47:025][  0]LogAutomationTest:Warning: Loading localization resources contain conflicting entries for (Namespace:UICommands, Key:ToggleRealtime_ToolTip):
Resource: (C:/Program Files/Unreal Engine/4.1/Engine/Content/Localization/Editor/en/Editor.locres) Hash: (-291638278) String: (Toggle Realtime)
Resource: (C:/Program Files/Unreal Engine/4.1/Engine/Content/Localization/Editor/en/Editor.locres) Hash: (-1913389001) String: (Toggles real time rendering in this viewport)
[2014.05.01-21.27.47:025][  0]LogAutomationTest:Warning: Loading localization resources contain conflicting entries for (Namespace:UICommands, Key:ToggleRealtime_ToolTip):
Resource: (C:/Program Files/Unreal Engine/4.1/Engine/Content/Localization/Editor/en/Editor.locres) Hash: (-291638278) String: (Toggle Realtime)
Resource: (C:/Program Files/Unreal Engine/4.1/Engine/Content/Localization/Editor/en/Editor.locres) Hash: (-1913389001) String: (Toggles real time rendering in this viewport)
[2014.05.01-21.27.47:025][  0]LogAutomationTest:Warning: Loading localization resources contain conflicting entries for (Namespace:UICommands, Key:ToggleRealtime_ToolTip):
Resource: (C:/Program Files/Unreal Engine/4.1/Engine/Content/Localization/Editor/en/Editor.locres) Hash: (-291638278) String: (Toggle Realtime)
Resource: (C:/Program Files/Unreal Engine/4.1/Engine/Content/Localization/Editor/en/Editor.locres) Hash: (-1913389001) String: (Toggles real time rendering in this viewport)
[2014.05.01-21.27.47:025][  0]LogAutomationTest:Warning: Loading localization resources contain conflicting entries for (Namespace:UICommands, Key:ToggleRealtime_ToolTip):
Resource: (C:/Program Files/Unreal Engine/4.1/Engine/Content/Localization/Editor/en/Editor.locres) Hash: (-291638278) String: (Toggle Realtime)
Resource: (C:/Program Files/Unreal Engine/4.1/Engine/Content/Localization/Editor/en/Editor.locres) Hash: (-1913389001) String: (Toggles real time rendering in this viewport)
[2014.05.01-21.27.47:025][  0]LogAutomationTest:Warning: Loading localization resources contain conflicting entries for (Namespace:UICommands, Key:ToggleRealtime_ToolTip):
Resource: (C:/Program Files/Unreal Engine/4.1/Engine/Content/Localization/Editor/en/Editor.locres) Hash: (-291638278) String: (Toggle Realtime)
Resource: (C:/Program Files/Unreal Engine/4.1/Engine/Content/Localization/Editor/en/Editor.locres) Hash: (-1913389001) String: (Toggles real time rendering in this viewport)
[2014.05.01-21.27.47:025][  0]LogAutomationTest:Warning: Loading localization resources contain conflicting entries for (Namespace:UICommands, Key:ToggleRealtime_ToolTip):
Resource: (C:/Program Files/Unreal Engine/4.1/Engine/Content/Localization/Editor/en/Editor.locres) Hash: (-291638278) String: (Toggle Realtime)
Resource: (C:/Program Files/Unreal Engine/4.1/Engine/Content/Localization/Editor/en/Editor.locres) Hash: (-1913389001) String: (Toggles real time rendering in this viewport)
[2014.05.01-21.27.47:025][  0]LogEngine: Initializing Engine...
[2014.05.01-21.27.47:161][  0]LogInit: XAudio2 using 'Headphones (Realtek High Definition Audio)' : 2 channels at 48 kHz using 32 bits per sample (channel mask 0x3)
[2014.05.01-21.27.47:172][  0]LogInit: FAudioDevice initialized.
[2014.05.01-21.27.47:204][  0]LogDerivedDataCache: Saved boot cache 0.03s 38MB C:/Users/Darrell/AppData/Local/UnrealEngine/4.1/DerivedDataCache/Boot.ddc.
[2014.05.01-21.27.47:213][  0]LogInit: Texture streaming: Enabled
[2014.05.01-21.27.47:266][  0]LogInit: Transaction tracking system initialized
[2014.05.01-21.27.47:633][  0]LogAssetRegistry: FAssetRegistry took 0.0122 seconds to start up
[2014.05.01-21.27.48:238][  0]LogModuleManager:Warning: ModuleManager: Unable to load module '' because the file was not found.
[2014.05.01-21.27.48:250][  0]LogModuleManager:Warning: ModuleManager: Unable to load module '' because the file was not found.
[2014.05.01-21.27.48:444][  0]LogConsoleResponse:Display: 
[2014.05.01-21.27.48:970][  0]SourceControl: Info Source control is disabled
[2014.05.01-21.27.48:970][  0]Cmd: MAP LOAD FILE="D:/Documents/GitHub/LabMkII/TheLab/Content/Maps/Example_Map.umap" TEMPLATE=0 SHOWPROGRESS=1 WORLDCOMPOSITION=0
[2014.05.01-21.27.48:970][  0]LightingResults: New page: Lighting Build
[2014.05.01-21.27.48:983][  0]MapCheck: New page: Map Check
[2014.05.01-21.27.48:983][  0]LightingResults: New page: Lighting Build
[2014.05.01-21.27.49:007][  0]LogParticles: Destroying 0 GPU particle simulations for FXSystem 0x00000000113494E0
[2014.05.01-21.27.49:314][  0]LogEditorServer: Finished looking for orphan Actors (0.000 secs)
[2014.05.01-21.27.49:315][  0]Cmd: MAP CHECKDEP
[2014.05.01-21.27.49:315][  0]MapCheck: New page: Example_Map - 1 May 2014 23:27:49
[2014.05.01-21.27.49:410][  0]MapCheck: Info ========== Map Check: 0 Error(s), 0 Warning(s), [94.738ms] ==========
[2014.05.01-21.27.49:410][  0]LogFileHelpers: Loading map 'Example_Map' took 0.440
[2014.05.01-21.27.50:497][  0]LogCollectionManager: Loaded 0 collections in 0.001508 seconds
[2014.05.01-21.27.50:702][  0]LogCrashTracker: Crashtracker disabled due to settings.
[2014.05.01-21.27.50:703][  0]Cmd: MODE PLACEMENT
[2014.05.01-21.27.51:645][  0]LogLoad: Full Startup: 11.46 seconds (BP compile: 0.10 seconds)
[2014.05.01-21.27.51:893][  0]LogRenderer:Warning: Reallocating scene render targets to support 1136x896.
[2014.05.01-21.27.52:357][  1]LogEpicStorage:Warning: EnumerateFiles request failed. Invalid response. code=403 error=<?xml version="1.0" encoding="UTF-8"?>
<Error><Code>AccessDenied</Code><Message>Access Denied</Message><RequestId>35E34DC728215E7C</RequestId><HostId>jES64rVmXdUWTky+oJQRfnGi2CWXY9UrMLwFyGUkoi/4tAoZua08tOcCW695FMxj</HostId></Error>
[2014.05.01-21.27.52:374][  1]LogAssetRegistry: Asset discovery search completed in 4.7528 seconds
[2014.05.01-21.27.52:393][  2]LogEpicSurvey:Warning: EnumerateFiles request failed. Invalid response. code=403 error=<?xml version="1.0" encoding="UTF-8"?>
<Error><Code>AccessDenied</Code><Message>Access Denied</Message><RequestId>A3F3CA64A33CF04E</RequestId><HostId>WlyHQHKNh49tfc2MwwSiw6UMDjC8954pqpUrjCvVKKxzY/YggHKJ2DNiE4eZQ/Gm</HostId></Error>
[2014.05.01-21.27.52:497][  3]LogEpicStorage:Warning: EnumerateFiles request failed. Invalid response. code=403 error=<?xml version="1.0" encoding="UTF-8"?>
<Error><Code>AccessDenied</Code><Message>Access Denied</Message><RequestId>28C83A438C1DC520</RequestId><HostId>ZymmsOzjB9HqE8yBlKpSnc9nAvKNuj4MaU5jWxAV2RQHylnwF4sxNzVE+QhqIGnC</HostId></Error>
[2014.05.01-21.27.52:508][  4]LogEpicSurvey:Warning: EnumerateFiles request failed. Invalid response. code=403 error=<?xml version="1.0" encoding="UTF-8"?>
<Error><Code>AccessDenied</Code><Message>Access Denied</Message><RequestId>7A4615C555663973</RequestId><HostId>DS0eqEn1WJlLuOk/RDwIK6Xc5Uq+pEUB4faL/7c2u5aSfu9w/2G98YbVAPLpvGER</HostId></Error>
[2014.05.01-21.27.52:571][  7]LogEpicSurvey:Warning: EnumerateFiles request failed. Invalid response. code=403 error=<?xml version="1.0" encoding="UTF-8"?>
<Error><Code>AccessDenied</Code><Message>Access Denied</Message><RequestId>AAE711159AB35156</RequestId><HostId>JIl5x9Tg4W6RuWHyHN9ZqzgJvIHEwZZyg09iMR+kTCVLm6a+6agbb5PlGU/G8CDE</HostId></Error>
[2014.05.01-21.28.08:950][ 25]LogSourceControl: Attempting 'svn info https://github.com/mossbros/LabMkII --non-interactive --trust-server-cert --username Axi5 --password ********'
[2014.05.01-21.28.14:821][333]LogSourceControl: Attempting 'svn status --show-updates --verbose --xml D:/Documents/GitHub/LabMkII/TheLab/ --non-interactive --trust-server-cert --username Axi5 --password ********'
[2014.05.01-21.28.14:860][335]SourceControl:Error: Error svn: warning: W155007: 'D:\Documents\GitHub\LabMkII\TheLab' is not a working copy
[2014.05.01-21.28.14:860][335]SourceControl:Error: Error You should check out a working copy into your project directory.
[2014.05.01-21.28.14:860][335]SourceControl: Info Path: LabMkII
[2014.05.01-21.28.14:861][335]SourceControl: Info URL: https://github.com/mossbros/LabMkII
[2014.05.01-21.28.14:861][335]SourceControl: Info Relative URL: ^/
[2014.05.01-21.28.14:861][335]SourceControl: Info Repository Root: https://github.com/mossbros/LabMkII
[2014.05.01-21.28.14:861][335]SourceControl: Info Repository UUID: 27e3c1f9-5478-4b23-91b9-ce57b7db7bff
[2014.05.01-21.28.14:861][335]SourceControl: Info Revision: 6
[2014.05.01-21.28.14:861][335]SourceControl: Info Node Kind: directory
[2014.05.01-21.28.14:861][335]SourceControl: Info Last Changed Author: axi5
[2014.05.01-21.28.14:861][335]SourceControl: Info Last Changed Rev: 6
[2014.05.01-21.28.14:861][335]SourceControl: Info Last Changed Date: 2014-05-01 22:11:37 +0100 (Thu, 01 May 2014)
[2014.05.01-21.28.14:861][335]SourceControl:Error: Error Project is not part of an SVN working copy.
[2014.05.01-21.29.03:330][883]LogSourceControl: Attempting 'svn info D:\Documents\GitHub\LabMkII\TheLab --non-interactive --trust-server-cert --username Axi5 --password ********'
[2014.05.01-21.29.03:362][885]SourceControl:Error: Error svn: E155007: 'D:\Documents\GitHub\LabMkII\TheLab' is not a working copy
[2014.05.01-21.29.03:363][885]SourceControl:Error: Error Failed to connect to source control. Check your settings and connection then try again.
[2014.05.01-21.34.55:810][290]SourceControl: Info Source control is disabled
[2014.05.01-21.37.06:275][222]Cmd: POLY SELECT MEMORY UNION
[2014.05.01-22.01.39:880][855]LogSourceControl: Attempting 'svn info git@github.com:mossbros/LabMkII.git --non-interactive --trust-server-cert --username Axi5 --password ********'
[2014.05.01-22.01.40:203][873]SourceControl:Error: Error svn: E020024: Error resolving case of 'git@github.com:mossbros\LabMkII.git'
[2014.05.01-22.01.40:203][873]SourceControl:Error: Error Failed to connect to source control. Check your settings and connection then try again.
[2014.05.01-22.02.11:212][478]LogSourceControl: Attempting 'svn info https://github.com/mossbros/LabMkII --non-interactive --trust-server-cert --username Axi5 --password ********'
[2014.05.01-22.02.13:478][601]LogSourceControl: Attempting 'svn status --show-updates --verbose --xml D:/Documents/GitHub/LabMkII/TheLab/ --non-interactive --trust-server-cert --username Axi5 --password ********'
[2014.05.01-22.02.13:529][604]SourceControl:Error: Error svn: warning: W155007: 'D:\Documents\GitHub\LabMkII\TheLab' is not a working copy
[2014.05.01-22.02.13:529][604]SourceControl:Error: Error You should check out a working copy into your project directory.
[2014.05.01-22.02.13:530][604]SourceControl: Info Path: LabMkII
[2014.05.01-22.02.13:530][604]SourceControl: Info URL: https://git