Log file open, 05/01/14 22:14:57
LogInit:Display: Running engine for game: TheLab
LogInit: Version: 4.1.0-0+UE4
LogInit: Compiled (64-bit): Apr 25 2014 20:00:21
LogInit: Build Configuration: Development
LogInit: Branch Name: UE4
LogInit: Command line: 
LogInit: Base directory: C:/UnrealEngine/Engine/Binaries/Win64/
LogInit: Rocket: 0
[2014.05.01-21.14.57:515][  0]LogTaskGraph: Started task graph with 3 named threads and 4 total threads.
[2014.05.01-21.14.57:547][  0]LogOnline:Warning: No default platform service specified for OnlineSubsystem
[2014.05.01-21.14.57:561][  0]LogInit: Presizing for 0 objects not considered by GC, pre-allocating 0 bytes.
[2014.05.01-21.14.57:568][  0]LogInit: Object subsystem initialized
[2014.05.01-21.14.57:570][  0]LogInit: Selected Device Profile: [Windows]
[2014.05.01-21.14.57:570][  0]LogInit: Applying CVar settings loaded from the selected device profile: [Windows]
[2014.05.01-21.14.57:576][  0]LogInit: Computer: MOSSBROS-PC
[2014.05.01-21.14.57:576][  0]LogInit: User: MossBros
[2014.05.01-21.14.57:578][  0]LogInit: CPU Page size=4096, Cores=4
[2014.05.01-21.14.57:578][  0]LogInit: High frequency timer resolution =3.418164 MHz
[2014.05.01-21.14.57:578][  0]LogMemory: Memory total: Physical=16.0GB (16GB approx) Virtual=8192.0GB
[2014.05.01-21.14.57:578][  0]LogMemory: Platform Memory Stats for Windows
[2014.05.01-21.14.57:578][  0]LogMemory: Process Physical Memory: 67.28 MB used, 67.28 MB peak
[2014.05.01-21.14.57:578][  0]LogMemory: Process Virtual Memory: 48.17 MB used, 48.17 MB peak
[2014.05.01-21.14.57:578][  0]LogMemory: Physical Memory: 4812.31 MB used, 16370.16 MB total
[2014.05.01-21.14.57:578][  0]LogMemory: Virtual Memory: 254.25 MB used, 8388608.00 MB total
[2014.05.01-21.14.57:625][  0]LogD3D11RHI: Found D3D11 adapter 0: NVIDIA GeForce GTX 660 Ti (Feature Level 11_0)
[2014.05.01-21.14.57:625][  0]LogD3D11RHI: Adapter has 1989MB of dedicated video memory, 0MB of dedicated system memory, and 2048MB of shared system memory
[2014.05.01-21.14.57:625][  0]LogD3D11RHI: Chosen D3D11 Adapter Id = 0
[2014.05.01-21.14.57:640][  0]LogRHI: Texture pool is 1361 MB (70% of 1945 MB)
[2014.05.01-21.14.57:653][  0]LogD3D11RHI: Async texture creation enabled
[2014.05.01-21.14.58:359][  0]LogInit:Warning: We appear to have no tool tip localization data? Editor can't run.
[2014.05.01-21.14.58:359][  0]LogInit:Warning: We appear to have no property name localization data? Editor can't run.
[2014.05.01-21.14.58:383][  0]LogTextLocalizationManager:Warning: Loading localization resources contain conflicting entries for (Namespace:UICommands, Key:ToggleRealtime_ToolTip):
Resource: (C:/UnrealEngine/Engine/Content/Localization/Editor/en/Editor.locres) Hash: (-291638278) String: (Toggle Realtime)
Resource: (C:/UnrealEngine/Engine/Content/Localization/Editor/en/Editor.locres) Hash: (-1913389001) String: (Toggles real time rendering in this viewport)
[2014.05.01-21.14.58:410][  0]LogContentStreaming: Texture pool size is 0.000000MB
[2014.05.01-21.14.58:455][  0]LogInit: WinSock: version 1.1 (2.2), MaxSocks=32767, MaxUdp=65467
[2014.05.01-21.14.59:215][  0]LogTargetPlatformManager:Display: Building Assets For Windows
[2014.05.01-21.14.59:343][  0]LogTargetPlatformManager:Display: Building Assets For Windows
[2014.05.01-21.14.59:393][  0]LogDerivedDataCache:Display: Max Cache Size: 512 MB
[2014.05.01-21.14.59:393][  0]LogDerivedDataCache:Warning: Could not find memory cache ../../../../Users/MossBros/Documents/GitHub/LabMkII/TheLab/DerivedDataCache/Boot.ddc.
[2014.05.01-21.14.59:393][  0]LogDerivedDataCache:Warning: Could not load Boot cache: ../../../../Users/MossBros/Documents/GitHub/LabMkII/TheLab/DerivedDataCache/Boot.ddc
[2014.05.01-21.14.59:393][  0]LogDerivedDataCache: FDerivedDataBackendGraph:  Pak pak cache file ../../../../Users/MossBros/Documents/GitHub/LabMkII/TheLab/DerivedDataCache/DDC.ddp not found, will not use a pak cache.
[2014.05.01-21.14.59:393][  0]LogDerivedDataCache: Unable to find inner node Pak for hierarchical cache Hierarchy.
[2014.05.01-21.14.59:393][  0]LogDerivedDataCache: FDerivedDataBackendGraph:  EnginePak pak cache file ../../../Engine/DerivedDataCache/DDC.ddp not found, will not use a pak cache.
[2014.05.01-21.14.59:393][  0]LogDerivedDataCache: Unable to find inner node EnginePak for hierarchical cache Hierarchy.
[2014.05.01-21.14.59:405][  0]LogDerivedDataCache: Using Local data cache path ../../../Engine/DerivedDataCache: Writable
[2014.05.01-21.14.59:405][  0]LogDerivedDataCache: Shared data cache path not found in *engine.ini, will not use an Shared cache.
[2014.05.01-21.14.59:405][  0]LogDerivedDataCache: Unable to find inner node Shared for hierarchical cache Hierarchy.
[2014.05.01-21.14.59:732][  0]LogMeshUtilities: No automatic mesh reduction module available
[2014.05.01-21.14.59:732][  0]LogMeshUtilities: No automatic mesh merging module available
[2014.05.01-21.15.00:852][  0]LogEnum:Warning: Enum Text 1 for Enum ECustomDepth failed to resolve to any value
[2014.05.01-21.15.00:852][  0]LogEnum:Warning: Enum Text 3 for Enum EEarlyZPass failed to resolve to any value
[2014.05.01-21.15.00:852][  0]LogEnum:Warning: Enum Text 1 for Enum EClearSceneOptions failed to resolve to any value
[2014.05.01-21.15.00:852][  0]LogEnum:Warning: Enum Text 4 for Enum ECompositingSampleCount failed to resolve to any value
[2014.05.01-21.15.02:234][  0]UdpMessaging: Initializing bridge on interface 0.0.0.0:0 to multicast group 230.0.0.1:6666.
[2014.05.01-21.15.02:329][  0]SourceControl: Info Source control is disabled
[2014.05.01-21.15.02:329][  0]SourceControl: Info Source control is disabled
[2014.05.01-21.15.02:339][  0]SourceControl: Info Source control is disabled
[2014.05.01-21.15.02:644][  0]BlueprintLog: New page: Editor Load
[2014.05.01-21.15.02:693][  0]LogObj: 18600 objects as part of root set at end of initial load.
[2014.05.01-21.15.02:693][  0]LogUObjectAllocator: 3704160 out of 0 bytes used by permanent object pool.
[2014.05.01-21.15.03:090][  0]LogAutomationTest:Warning: Loading localization resources contain conflicting entries for (Namespace:UICommands, Key:ToggleRealtime_ToolTip):
Resource: (C:/UnrealEngine/Engine/Content/Localization/Editor/en/Editor.locres) Hash: (-291638278) String: (Toggle Realtime)
Resource: (C:/UnrealEngine/Engine/Content/Localization/Editor/en/Editor.locres) Hash: (-1913389001) String: (Toggles real time rendering in this viewport)
[2014.05.01-21.15.03:090][  0]LogAutomationTest:Warning: Loading localization resources contain conflicting entries for (Namespace:UICommands, Key:ToggleRealtime_ToolTip):
Resource: (C:/UnrealEngine/Engine/Content/Localization/Editor/en/Editor.locres) Hash: (-291638278) String: (Toggle Realtime)
Resource: (C:/UnrealEngine/Engine/Content/Localization/Editor/en/Editor.locres) Hash: (-1913389001) String: (Toggles real time rendering in this viewport)
[2014.05.01-21.15.03:090][  0]LogAutomationTest:Warning: Loading localization resources contain conflicting entries for (Namespace:UICommands, Key:ToggleRealtime_ToolTip):
Resource: (C:/UnrealEngine/Engine/Content/Localization/Editor/en/Editor.locres) Hash: (-291638278) String: (Toggle Realtime)
Resource: (C:/UnrealEngine/Engine/Content/Localization/Editor/en/Editor.locres) Hash: (-1913389001) String: (Toggles real time rendering in this viewport)
[2014.05.01-21.15.03:090][  0]LogAutomationTest:Warning: Loading localization resources contain conflicting entries for (Namespace:UICommands, Key:ToggleRealtime_ToolTip):
Resource: (C:/UnrealEngine/Engine/Content/Localization/Editor/en/Editor.locres) Hash: (-291638278) String: (Toggle Realtime)
Resource: (C:/UnrealEngine/Engine/Content/Localization/Editor/en/Editor.locres) Hash: (-1913389001) String: (Toggles real time rendering in this viewport)
[2014.05.01-21.15.03:090][  0]LogAutomationTest:Warning: Loading localization resources contain conflicting entries for (Namespace:UICommands, Key:ToggleRealtime_ToolTip):
Resource: (C:/UnrealEngine/Engine/Content/Localization/Editor/en/Editor.locres) Hash: (-291638278) String: (Toggle Realtime)
Resource: (C:/UnrealEngine/Engine/Content/Localization/Editor/en/Editor.locres) Hash: (-1913389001) String: (Toggles real time rendering in this viewport)
[2014.05.01-21.15.03:091][  0]LogAutomationTest:Warning: Loading localization resources contain conflicting entries for (Namespace:UICommands, Key:ToggleRealtime_ToolTip):
Resource: (C:/UnrealEngine/Engine/Content/Localization/Editor/en/Editor.locres) Hash: (-291638278) String: (Toggle Realtime)
Resource: (C:/UnrealEngine/Engine/Content/Localization/Editor/en/Editor.locres) Hash: (-1913389001) String: (Toggles real time rendering in this viewport)
[2014.05.01-21.15.03:091][  0]LogEngine: Initializing Engine...
[2014.05.01-21.15.03:727][  0]LogInit: XAudio2 using 'Speakers (Realtek High Definition Audio)' : 2 channels at 48 kHz using 32 bits per sample (channel mask 0x3)
[2014.05.01-21.15.03:740][  0]LogInit: FAudioDevice initialized.
[2014.05.01-21.15.03:773][  0]LogDerivedDataCache: Saved boot cache 0.03s 38MB ../../../../Users/MossBros/Documents/GitHub/LabMkII/TheLab/DerivedDataCache/Boot.ddc.
[2014.05.01-21.15.03:783][  0]LogInit: Texture streaming: Enabled
[2014.05.01-21.15.03:821][  0]LogInit: Transaction tracking system initialized
[2014.05.01-21.15.03:977][  0]LogStreaming:Warning: Failed to read file '../../../../Users/MossBros/Documents/GitHub/LabMkII/TheLab/Intermediate/CachedAssetRegistry.bin' error.
[2014.05.01-21.15.03:977][  0]LogAssetRegistry: FAssetRegistry took 0.0097 seconds to start up
[2014.05.01-21.15.04:196][  0]LogModuleManager:Warning: ModuleManager: Unable to load module '' because the file was not found.
[2014.05.01-21.15.04:205][  0]LogModuleManager:Warning: ModuleManager: Unable to load module '' because the file was not found.
[2014.05.01-21.15.04:334][  0]LogConsoleResponse:Display: 
[2014.05.01-21.15.04:699][  0]SourceControl: Info Source control is disabled
[2014.05.01-21.15.04:699][  0]Cmd: MAP LOAD FILE="../../../../Users/MossBros/Documents/GitHub/LabMkII/TheLab/Content/Maps/Example_Map.umap" TEMPLATE=0 SHOWPROGRESS=1 WORLDCOMPOSITION=0
[2014.05.01-21.15.04:700][  0]LightingResults: New page: Lighting Build
[2014.05.01-21.15.04:713][  0]MapCheck: New page: Map Check
[2014.05.01-21.15.04:713][  0]LightingResults: New page: Lighting Build
[2014.05.01-21.15.04:747][  0]LogParticles: Destroying 0 GPU particle simulations for FXSystem 0x00000000127D5440
[2014.05.01-21.15.05:013][  0]LogEditorServer: Finished looking for orphan Actors (0.000 secs)
[2014.05.01-21.15.05:014][  0]Cmd: MAP CHECKDEP
[2014.05.01-21.15.05:014][  0]MapCheck: New page: Example_Map - 1 May 2014 23:15:05
[2014.05.01-21.15.05:080][  0]MapCheck: Info ========== Map Check: 0 Error(s), 0 Warning(s), [66.052ms] ==========
[2014.05.01-21.15.05:080][  0]LogFileHelpers: Loading map 'Example_Map' took 0.381
[2014.05.01-21.15.05:159][  0]LogCollectionManager: Loaded 0 collections in 0.001390 seconds
[2014.05.01-21.15.05:284][  0]LogInit: Using libcurl 7.34.0
[2014.05.01-21.15.05:284][  0]LogInit:  - built for x86_64-pc-win32
[2014.05.01-21.15.05:284][  0]LogInit:  - supports SSL with WinSSL
[2014.05.01-21.15.05:284][  0]LogInit:  - other features:
[2014.05.01-21.15.05:284][  0]LogInit:      CURL_VERSION_SSL
[2014.05.01-21.15.05:284][  0]LogInit:      CURL_VERSION_ASYNCHDNS
[2014.05.01-21.15.05:284][  0]LogInit:      CURL_VERSION_LARGEFILE
[2014.05.01-21.15.05:284][  0]LogInit:      CURL_VERSION_IDN
[2014.05.01-21.15.05:284][  0]LogInit: Libcurl will NOT reuse connections
[2014.05.01-21.15.05:308][  0]LogCrashTracker: Crashtracker disabled due to settings.
[2014.05.01-21.15.05:309][  0]Cmd: MODE PLACEMENT
[2014.05.01-21.15.05:348][  0]LogLoad: Full Startup: 8.78 seconds (BP compile: 0.09 seconds)
[2014.05.01-21.15.05:653][  0]LogRenderer:Warning: Reallocating scene render targets to support 1136x896.
[2014.05.01-21.15.05:768][  1]LogEpicStorage:Warning: EnumerateFiles request failed. Invalid response. code=403 error=<?xml version="1.0" encoding="UTF-8"?>
<Error><Code>AccessDenied</Code><Message>Access Denied</Message><RequestId>E9CEE1EBC33FF888</RequestId><HostId>u5Px6QiV/xv1EXd2L5HDH